commit 61d4428318d63ffe71273983aecbd0bccfac5d7c
Author: Nelma Perera <npererar@utexas.edu>
Date:   Fri Nov 6 17:43:13 2015 -0600

    Update README.md

commit b8b7b2d5f40ef2e88bd338c8da13780ae3b47875
Merge: 2b45ed7 851c560
Author: Nelma Perera <npererar@utexas.edu>
Date:   Fri Nov 6 17:42:32 2015 -0600

    Merge pull request #19 from nelmiux/dev-branch
    
    Final Merge

commit 851c5607b7b24a3301f76bd7bd734c9be4787d0b
Merge: 7c43c07 2b45ed7
Author: nelmiux <npererar@utexas.edu>
Date:   Fri Nov 6 17:41:53 2015 -0600

    Fixed

commit 2b45ed7c55476c5430ed7231fb0d726082f9f0c8
Author: nelmiux <npererar@utexas.edu>
Date:   Fri Nov 6 17:37:49 2015 -0600

    Clear

commit c1d20a88abe267672fab6482474bdf741b3393c0
Author: nelmiux <npererar@utexas.edu>
Date:   Fri Nov 6 17:31:04 2015 -0600

    Final Merge

commit 7c43c07d658c8540864ed89133034acd1fe18dcc
Author: nelmiux <npererar@utexas.edu>
Date:   Fri Nov 6 17:18:14 2015 -0600

    Updated

commit a6493241528d4b3ba3e6cc8c070e65023ac2edbf
Author: nelmiux <npererar@utexas.edu>
Date:   Fri Nov 6 17:14:17 2015 -0600

    Fixed

commit d3641e67cc043bd7e9131d00fe70d7b5fd840351
Author: nelmiux <npererar@utexas.edu>
Date:   Fri Nov 6 17:11:37 2015 -0600

    closes #12

commit 72977ad671284b92912d67e717c3e447136966a4
Author: nelmiux <npererar@utexas.edu>
Date:   Fri Nov 6 17:09:51 2015 -0600

    Last Fixes

commit 02ebd543f6d89030bb4dc0f7e297c0e4568de648
Author: nelmiux <npererar@utexas.edu>
Date:   Fri Nov 6 17:04:55 2015 -0600

    UML Diagram closes #17

commit 3de26914c0dc61e27400bab6657e364af7cf457d
Author: nelmiux <npererar@utexas.edu>
Date:   Fri Nov 6 15:28:09 2015 -0600

    Deleting Unnecessary Files

commit bbcbb676e9b9dbf9e12d992df8a133c6b9c8064a
Author: nelmiux <npererar@utexas.edu>
Date:   Fri Nov 6 15:23:38 2015 -0600

    Documentation closes #11, #18

commit 39e3dd32047c8aff96ead41500a597837c5697a2
Author: nelmiux <npererar@utexas.edu>
Date:   Fri Nov 6 13:21:47 2015 -0600

    Fixed, Test and Requirement closes #7, #9, #15

commit 3a2596181c6cc4bba13ce8847248e03da421fc47
Author: nelmiux <npererar@utexas.edu>
Date:   Thu Nov 5 20:28:49 2015 -0600

    closes #16

commit 53570e43404b8bc2eb73fa1967b10074262076f3
Author: nelmiux <npererar@utexas.edu>
Date:   Thu Nov 5 20:21:24 2015 -0600

    Adding Code

commit 007988a3e026638dad6d03a81431cf4eb314ac0d
Author: nelmiux <npererar@utexas.edu>
Date:   Fri Oct 30 13:50:29 2015 -0500

    Adding Initial Files

commit 95e4a0f4832420e1d1e559db587d5d725fc75e8c
Author: Nelma Perera <npererar@utexas.edu>
Date:   Sat Oct 24 22:52:48 2015 -0500

    Update README.md

commit 914563533536847275a37692a38196042a6465d2
Author: nelmiux <npererar@utexas.edu>
Date:   Sat Oct 24 22:51:34 2015 -0500

    Initial Commit

commit cfe6f2b4bf082b676ae390c5eff88f3024c3b810
Author: Nelma Perera <npererar@utexas.edu>
Date:   Sat Oct 24 22:48:12 2015 -0500

    Delete README.md

commit c166138b0e99ef484c8cf1d22e135b2b23246ba6
Author: nelmiux <npererar@utexas.edu>
Date:   Sat Oct 24 22:45:43 2015 -0500

    Initial Commit

commit f0a39527001c44257e977622850700ad442bdb7e
Author: nelmiux <npererar@utexas.edu>
Date:   Sat Oct 24 22:41:10 2015 -0500

    Initial Commit

commit d28ac9389fef7cae7a650b11e20591327d41c3cc
Author: Nelma Perera <npererar@utexas.edu>
Date:   Sat Oct 24 22:38:14 2015 -0500

    Update README.md

commit b4a78aedf321837018e98f3319db99754408f211
Author: Nelma Perera <npererar@utexas.edu>
Date:   Sat Oct 24 22:37:29 2015 -0500

    Update README.md

commit 4de4b822ca087ff837c399dab3212f0f1735db9a
Author: Nelma Perera <npererar@utexas.edu>
Date:   Sat Oct 24 22:35:49 2015 -0500

    Update README.md

commit 4d42859a7c2070931caa59f134f5b6f2ab4a4b7e
Author: Nelma Perera <npererar@utexas.edu>
Date:   Sat Oct 24 21:36:19 2015 -0500

    Initial commit
